<?xml version="1.0" encoding="UTF-8"?>
<!-- Generated by org.testng.reporters.JUnitXMLReporter -->
<testsuite hostname="DESKTOP-13RKBDN" ignored="0" name="Default test" tests="3" failures="0" timestamp="2020-01-26T12:52:41 IST" time="58.682" errors="0">
  <testcase name="runLoginLogout" time="2.316" classname="testcases.TC001_LoginLogout"/>
  <testcase name="runLoginLogout" time="3.972" classname="testcases.TC001_LoginLogout"/>
  <testcase name="runLoginLogout" time="13.216" classname="testcases.TC001_LoginLogout"/>
</testsuite> <!-- Default test -->
