<?xml version="1.0" encoding="UTF-8"?>
<testng-results skipped="0" failed="0" ignored="0" total="3" passed="3">
  <reporter-output>
  </reporter-output>
  <suite name="Default suite" duration-ms="58682" started-at="2020-01-26T12:51:42 IST" finished-at="2020-01-26T12:52:41 IST">
    <groups>
    </groups>
    <test name="Default test" duration-ms="58682" started-at="2020-01-26T12:51:42 IST" finished-at="2020-01-26T12:52:41 IST">
      <class name="testcases.TC001_LoginLogout">
        <test-method status="PASS" signature="setData()[pri:0, instance:testcases.TC001_LoginLogout@27a5f880]" name="setData" is-config="true" duration-ms="49" started-at="2020-01-26T12:51:42 IST" finished-at="2020-01-26T12:51:42 IST">
          <reporter-output>
          </reporter-output>
        </test-method> <!-- setData -->
        <test-method status="PASS" signature="login()[pri:0, instance:testcases.TC001_LoginLogout@27a5f880]" name="login" is-config="true" duration-ms="12452" started-at="2020-01-26T12:51:46 IST" finished-at="2020-01-26T12:51:58 IST">
          <reporter-output>
          </reporter-output>
        </test-method> <!-- login -->
        <test-method status="PASS" signature="runLoginLogout(java.lang.String, java.lang.String)[pri:0, instance:testcases.TC001_LoginLogout@27a5f880]" name="runLoginLogout" duration-ms="2316" started-at="2020-01-26T12:51:58 IST" data-provider="sendData" finished-at="2020-01-26T12:52:00 IST">
          <params>
            <param index="0">
              <value>
                <![CDATA[demosalesmanager]]>
              </value>
            </param>
            <param index="1">
              <value>
                <![CDATA[crmsfa]]>
              </value>
            </param>
          </params>
          <reporter-output>
          </reporter-output>
        </test-method> <!-- runLoginLogout -->
        <test-method status="PASS" signature="closeBrowser()[pri:0, instance:testcases.TC001_LoginLogout@27a5f880]" name="closeBrowser" is-config="true" duration-ms="711" started-at="2020-01-26T12:52:01 IST" finished-at="2020-01-26T12:52:01 IST">
          <reporter-output>
          </reporter-output>
        </test-method> <!-- closeBrowser -->
        <test-method status="PASS" signature="login()[pri:0, instance:testcases.TC001_LoginLogout@27a5f880]" name="login" is-config="true" duration-ms="11013" started-at="2020-01-26T12:52:01 IST" finished-at="2020-01-26T12:52:12 IST">
          <reporter-output>
          </reporter-output>
        </test-method> <!-- login -->
        <test-method status="PASS" signature="runLoginLogout(java.lang.String, java.lang.String)[pri:0, instance:testcases.TC001_LoginLogout@27a5f880]" name="runLoginLogout" duration-ms="3972" started-at="2020-01-26T12:52:12 IST" data-provider="sendData" finished-at="2020-01-26T12:52:16 IST">
          <params>
            <param index="0">
              <value>
                <![CDATA[democsr]]>
              </value>
            </param>
            <param index="1">
              <value>
                <![CDATA[crmsfa]]>
              </value>
            </param>
          </params>
          <reporter-output>
          </reporter-output>
        </test-method> <!-- runLoginLogout -->
        <test-method status="PASS" signature="closeBrowser()[pri:0, instance:testcases.TC001_LoginLogout@27a5f880]" name="closeBrowser" is-config="true" duration-ms="1104" started-at="2020-01-26T12:52:16 IST" finished-at="2020-01-26T12:52:17 IST">
          <reporter-output>
          </reporter-output>
        </test-method> <!-- closeBrowser -->
        <test-method status="PASS" signature="login()[pri:0, instance:testcases.TC001_LoginLogout@27a5f880]" name="login" is-config="true" duration-ms="9529" started-at="2020-01-26T12:52:17 IST" finished-at="2020-01-26T12:52:27 IST">
          <reporter-output>
          </reporter-output>
        </test-method> <!-- login -->
        <test-method status="PASS" signature="runLoginLogout(java.lang.String, java.lang.String)[pri:0, instance:testcases.TC001_LoginLogout@27a5f880]" name="runLoginLogout" duration-ms="13216" started-at="2020-01-26T12:52:27 IST" data-provider="sendData" finished-at="2020-01-26T12:52:40 IST">
          <params>
            <param index="0">
              <value>
                <![CDATA[democsr2]]>
              </value>
            </param>
            <param index="1">
              <value>
                <![CDATA[crmsfa]]>
              </value>
            </param>
          </params>
          <reporter-output>
          </reporter-output>
        </test-method> <!-- runLoginLogout -->
        <test-method status="PASS" signature="closeBrowser()[pri:0, instance:testcases.TC001_LoginLogout@27a5f880]" name="closeBrowser" is-config="true" duration-ms="546" started-at="2020-01-26T12:52:40 IST" finished-at="2020-01-26T12:52:41 IST">
          <reporter-output>
          </reporter-output>
        </test-method> <!-- closeBrowser -->
      </class> <!-- testcases.TC001_LoginLogout -->
    </test> <!-- Default test -->
  </suite> <!-- Default suite -->
</testng-results>
